[0.000000] (-) TimerEvent: {}
[0.000497] (NIDS_PKG) JobQueued: {'identifier': 'NIDS_PKG', 'dependencies': OrderedDict()}
[0.000532] (NIDS_PKG) JobStarted: {'identifier': 'NIDS_PKG'}
[0.099892] (-) TimerEvent: {}
[0.200260] (-) TimerEvent: {}
[0.300523] (-) TimerEvent: {}
[0.400829] (-) TimerEvent: {}
[0.501068] (-) TimerEvent: {}
[0.560166] (NIDS_PKG) Command: {'cmd': ['/usr/bin/python3', 'setup.py', 'egg_info', '--egg-base', '../../build/NIDS_PKG', 'build', '--build-base', '/home/gmo/Desktop/ids_workspace/DistriLearn/build/NIDS_PKG/build', 'install', '--record', '/home/gmo/Desktop/ids_workspace/DistriLearn/build/NIDS_PKG/install.log', '--install-scripts', '$base/lib/NIDS_PKG', '--single-version-externally-managed'], 'cwd': '/home/gmo/Desktop/ids_workspace/DistriLearn/src/NIDS_PKG', 'env': {'GJS_DEBUG_TOPICS': 'JS ERROR;JS LOG', 'USER': 'gmo', 'SSH_AGENT_PID': '4037', 'XDG_SESSION_TYPE': 'x11', 'SHLVL': '1', 'LD_LIBRARY_PATH': '/opt/ros/foxy/opt/yaml_cpp_vendor/lib:/opt/ros/foxy/opt/rviz_ogre_vendor/lib:/opt/ros/foxy/lib/x86_64-linux-gnu:/opt/ros/foxy/lib', 'HOME': '/home/gmo', 'OLDPWD': '/home/gmo/Desktop/ids_workspace', 'LESS': '-R', 'CONDA_SHLVL': '0', 'DESKTOP_SESSION': 'ubuntu', 'ZSH': '/home/gmo/.oh-my-zsh', 'LSCOLORS': 'Gxfxcxdxbxegedabagacad', 'GTK_MODULES': 'gail:atk-bridge', 'GNOME_SHELL_SESSION_MODE': 'ubuntu', 'PAGER': 'less', 'ROS_PYTHON_VERSION': '3', 'MANAGERPID': '3862', 'DBUS_SESSION_BUS_ADDRESS': 'unix:path=/run/user/1000/bus', 'COLORTERM': 'truecolor', 'LIBVIRT_DEFAULT_URI': 'qemu:///system', '_CE_M': '', 'MANDATORY_PATH': '/usr/share/gconf/ubuntu.mandatory.path', 'IM_CONFIG_PHASE': '1', 'ROS_DISTRO': 'foxy', 'COLCON_PREFIX_PATH': '/home/gmo/Desktop/ids_workspace/DistriLearn/install', 'LOGNAME': 'gmo', '_': '/usr/bin/colcon', 'JOURNAL_STREAM': '8:65982', 'DEFAULTS_PATH': '/usr/share/gconf/ubuntu.default.path', 'XDG_SESSION_CLASS': 'user', 'ROS_VERSION': '2', 'USERNAME': 'gmo', 'TERM': 'xterm-256color', 'GNOME_DESKTOP_SESSION_ID': 'this-is-deprecated', '_CE_CONDA': '', 'ROS_LOCALHOST_ONLY': '0', 'WINDOWPATH': '2', 'PATH': '/opt/ros/foxy/bin:/home/gmo/miniconda3/condabin:/etc/alternatives/cuda/bin:/home/gmo/.local/bin:/usr/local/sbin:/usr/local/bin:/usr/sbin:/usr/bin:/sbin:/bin:/usr/games:/usr/local/games:/snap/bin', 'SESSION_MANAGER': 'local/gmo-pc:@/tmp/.ICE-unix/4072,unix/gmo-pc:/tmp/.ICE-unix/4072', 'INVOCATION_ID': '26e100df24444ba8b564b3c78cdb237c', 'GNOME_TERMINAL_SCREEN': '/org/gnome/Terminal/screen/d15b57c5_bf0f_47d4_b263_350605f6b43c', 'XDG_MENU_PREFIX': 'gnome-', 'XDG_RUNTIME_DIR': '/run/user/1000', 'DISPLAY': ':1', 'XDG_CURRENT_DESKTOP': 'ubuntu:GNOME', 'LANG': 'en_US.UTF-8', 'XDG_SESSION_DESKTOP': 'ubuntu', 'GNOME_TERMINAL_SERVICE': ':1.90', 'XMODIFIERS': '@im=ibus', 'XAUTHORITY': '/run/user/1000/gdm/Xauthority', 'LS_COLORS': 'rs=0:di=01;34:ln=01;36:mh=00:pi=40;33:so=01;35:do=01;35:bd=40;33;01:cd=40;33;01:or=40;31;01:mi=00:su=37;41:sg=30;43:ca=30;41:tw=30;42:ow=34;42:st=37;44:ex=01;32:*.tar=01;31:*.tgz=01;31:*.arc=01;31:*.arj=01;31:*.taz=01;31:*.lha=01;31:*.lz4=01;31:*.lzh=01;31:*.lzma=01;31:*.tlz=01;31:*.txz=01;31:*.tzo=01;31:*.t7z=01;31:*.zip=01;31:*.z=01;31:*.dz=01;31:*.gz=01;31:*.lrz=01;31:*.lz=01;31:*.lzo=01;31:*.xz=01;31:*.zst=01;31:*.tzst=01;31:*.bz2=01;31:*.bz=01;31:*.tbz=01;31:*.tbz2=01;31:*.tz=01;31:*.deb=01;31:*.rpm=01;31:*.jar=01;31:*.war=01;31:*.ear=01;31:*.sar=01;31:*.rar=01;31:*.alz=01;31:*.ace=01;31:*.zoo=01;31:*.cpio=01;31:*.7z=01;31:*.rz=01;31:*.cab=01;31:*.wim=01;31:*.swm=01;31:*.dwm=01;31:*.esd=01;31:*.jpg=01;35:*.jpeg=01;35:*.mjpg=01;35:*.mjpeg=01;35:*.gif=01;35:*.bmp=01;35:*.pbm=01;35:*.pgm=01;35:*.ppm=01;35:*.tga=01;35:*.xbm=01;35:*.xpm=01;35:*.tif=01;35:*.tiff=01;35:*.png=01;35:*.svg=01;35:*.svgz=01;35:*.mng=01;35:*.pcx=01;35:*.mov=01;35:*.mpg=01;35:*.mpeg=01;35:*.m2v=01;35:*.mkv=01;35:*.webm=01;35:*.ogm=01;35:*.mp4=01;35:*.m4v=01;35:*.mp4v=01;35:*.vob=01;35:*.qt=01;35:*.nuv=01;35:*.wmv=01;35:*.asf=01;35:*.rm=01;35:*.rmvb=01;35:*.flc=01;35:*.avi=01;35:*.fli=01;35:*.flv=01;35:*.gl=01;35:*.dl=01;35:*.xcf=01;35:*.xwd=01;35:*.yuv=01;35:*.cgm=01;35:*.emf=01;35:*.ogv=01;35:*.ogx=01;35:*.aac=00;36:*.au=00;36:*.flac=00;36:*.m4a=00;36:*.mid=00;36:*.midi=00;36:*.mka=00;36:*.mp3=00;36:*.mpc=00;36:*.ogg=00;36:*.ra=00;36:*.wav=00;36:*.oga=00;36:*.opus=00;36:*.spx=00;36:*.xspf=00;36:', 'SSH_AUTH_SOCK': '/run/user/1000/keyring/ssh', 'CONDA_PYTHON_EXE': '/home/gmo/miniconda3/bin/python', 'AMENT_PREFIX_PATH': '/home/gmo/Desktop/ids_workspace/DistriLearn/install/NIDS_PKG:/opt/ros/foxy', 'SHELL': '/bin/zsh', 'QT_ACCESSIBILITY': '1', 'GDMSESSION': 'ubuntu', 'GPG_AGENT_INFO': '/run/user/1000/gnupg/S.gpg-agent:0:1', 'GJS_DEBUG_OUTPUT': 'stderr', 'QT_IM_MODULE': 'ibus', 'PWD': '/home/gmo/Desktop/ids_workspace/DistriLearn/build/NIDS_PKG', 'XDG_CONFIG_DIRS': '/etc/xdg/xdg-ubuntu:/etc/xdg', 'XDG_DATA_DIRS': '/usr/share/ubuntu:/usr/local/share/:/usr/share/:/var/lib/snapd/desktop', 'CONDA_EXE': '/home/gmo/miniconda3/bin/conda', 'PYTHONPATH': '/home/gmo/Desktop/ids_workspace/DistriLearn/build/NIDS_PKG/prefix_override:/home/gmo/Desktop/ids_workspace/DistriLearn/install/NIDS_PKG/lib/python3.8/site-packages:/home/gmo/Desktop/ids_workspace/DistriLearn/install/NIDS_PKG/lib/python3.8/site-packages:/opt/ros/foxy/lib/python3.8/site-packages', 'COLCON': '1', 'VTE_VERSION': '6003', 'INTERFACE_IDS': 'enp34s0'}, 'shell': False}
[0.601149] (-) TimerEvent: {}
[0.643712] (NIDS_PKG) StderrLine: {'line': b'Traceback (most recent call last):\n'}
[0.643872] (NIDS_PKG) StderrLine: {'line': b'  File "/usr/lib/python3/dist-packages/pkg_resources/_vendor/packaging/version.py", line 31, in parse\n'}
[0.668212] (NIDS_PKG) StderrLine: {'line': b'    return Version(version)\n'}
[0.668397] (NIDS_PKG) StderrLine: {'line': b'  File "/usr/lib/python3/dist-packages/pkg_resources/_vendor/packaging/version.py", line 202, in __init__\n'}
[0.668504] (NIDS_PKG) StderrLine: {'line': b'    raise InvalidVersion("Invalid version: \'{0}\'".format(version))\n'}
[0.668596] (NIDS_PKG) StderrLine: {'line': b"pkg_resources.extern.packaging.version.InvalidVersion: Invalid version: '.egg-info'\n"}
[0.668689] (NIDS_PKG) StderrLine: {'line': b'\n'}
[0.668778] (NIDS_PKG) StderrLine: {'line': b'During handling of the above exception, another exception occurred:\n'}
[0.668868] (NIDS_PKG) StderrLine: {'line': b'\n'}
[0.668958] (NIDS_PKG) StderrLine: {'line': b'Traceback (most recent call last):\n'}
[0.669048] (NIDS_PKG) StderrLine: {'line': b'  File "setup.py", line 1, in <module>\n'}
[0.669137] (NIDS_PKG) StderrLine: {'line': b'    from setuptools import setup\n'}
[0.669226] (NIDS_PKG) StderrLine: {'line': b'  File "/usr/lib/python3/dist-packages/setuptools/__init__.py", line 17, in <module>\n'}
[0.682239] (NIDS_PKG) StderrLine: {'line': b'    import setuptools.version\n'}
[0.682473] (NIDS_PKG) StderrLine: {'line': b'  File "/usr/lib/python3/dist-packages/setuptools/version.py", line 1, in <module>\n'}
[0.689164] (NIDS_PKG) StderrLine: {'line': b'    import pkg_resources\n'}
[0.689308] (NIDS_PKG) StderrLine: {'line': b'  File "/usr/lib/python3/dist-packages/pkg_resources/__init__.py", line 3254, in <module>\n'}
[0.689815] (NIDS_PKG) StderrLine: {'line': b'    def _initialize_master_working_set():\n'}
[0.689911] (NIDS_PKG) StderrLine: {'line': b'  File "/usr/lib/python3/dist-packages/pkg_resources/__init__.py", line 3237, in _call_aside\n'}
[0.690459] (NIDS_PKG) StderrLine: {'line': b'    f(*args, **kwargs)\n'}
[0.690554] (NIDS_PKG) StderrLine: {'line': b'  File "/usr/lib/python3/dist-packages/pkg_resources/__init__.py", line 3266, in _initialize_master_working_set\n'}
[0.691095] (NIDS_PKG) StderrLine: {'line': b'    working_set = WorkingSet._build_master()\n'}
[0.691191] (NIDS_PKG) StderrLine: {'line': b'  File "/usr/lib/python3/dist-packages/pkg_resources/__init__.py", line 575, in _build_master\n'}
[0.691318] (NIDS_PKG) StderrLine: {'line': b'    ws = cls()\n'}
[0.691411] (NIDS_PKG) StderrLine: {'line': b'  File "/usr/lib/python3/dist-packages/pkg_resources/__init__.py", line 568, in __init__\n'}
[0.691541] (NIDS_PKG) StderrLine: {'line': b'    self.add_entry(entry)\n'}
[0.691633] (NIDS_PKG) StderrLine: {'line': b'  File "/usr/lib/python3/dist-packages/pkg_resources/__init__.py", line 624, in add_entry\n'}
[0.691751] (NIDS_PKG) StderrLine: {'line': b'    for dist in find_distributions(entry, True):\n'}
[0.691842] (NIDS_PKG) StderrLine: {'line': b'  File "/usr/lib/python3/dist-packages/pkg_resources/__init__.py", line 2062, in find_on_path\n'}
[0.692119] (NIDS_PKG) StderrLine: {'line': b'    path_item_entries = _by_version_descending(filtered)\n'}
[0.692215] (NIDS_PKG) StderrLine: {'line': b'  File "/usr/lib/python3/dist-packages/pkg_resources/__init__.py", line 2035, in _by_version_descending\n'}
[0.692545] (NIDS_PKG) StderrLine: {'line': b'    return sorted(names, key=_by_version, reverse=True)\n'}
[0.692640] (NIDS_PKG) StderrLine: {'line': b'  File "/usr/lib/python3/dist-packages/pkg_resources/__init__.py", line 2033, in _by_version\n'}
[0.692889] (NIDS_PKG) StderrLine: {'line': b'    return [packaging.version.parse(part) for part in parts]\n'}
[0.692983] (NIDS_PKG) StderrLine: {'line': b'  File "/usr/lib/python3/dist-packages/pkg_resources/__init__.py", line 2033, in <listcomp>\n'}
[0.693233] (NIDS_PKG) StderrLine: {'line': b'    return [packaging.version.parse(part) for part in parts]\n'}
[0.693364] (NIDS_PKG) StderrLine: {'line': b'  File "/usr/lib/python3/dist-packages/pkg_resources/_vendor/packaging/version.py", line 33, in parse\n'}
[0.693502] (NIDS_PKG) StderrLine: {'line': b'    return LegacyVersion(version)\n'}
[0.693593] (NIDS_PKG) StderrLine: {'line': b'  File "/usr/lib/python3/dist-packages/pkg_resources/_vendor/packaging/version.py", line 76, in __init__\n'}
[0.693684] (NIDS_PKG) StderrLine: {'line': b'    self._key = _legacy_cmpkey(self._version)\n'}
[0.693773] (NIDS_PKG) StderrLine: {'line': b'  File "/usr/lib/python3/dist-packages/pkg_resources/_vendor/packaging/version.py", line 141, in _legacy_cmpkey\n'}
[0.693862] (NIDS_PKG) StderrLine: {'line': b'    for part in _parse_version_parts(version.lower()):\n'}
[0.693951] (NIDS_PKG) StderrLine: {'line': b'  File "/usr/lib/python3/dist-packages/pkg_resources/_vendor/packaging/version.py", line 116, in _parse_version_parts\n'}
[0.694042] (NIDS_PKG) StderrLine: {'line': b'    part = _legacy_version_replacement_map.get(part, part)\n'}
[0.694132] (NIDS_PKG) StderrLine: {'line': b'KeyboardInterrupt\n'}
[0.701204] (-) TimerEvent: {}
[0.702292] (NIDS_PKG) CommandEnded: {'returncode': -2}
[0.702753] (NIDS_PKG) JobEnded: {'identifier': 'NIDS_PKG', 'rc': 'SIGINT'}
[0.712638] (-) EventReactorShutdown: {}
